2022-12-16 17:22:59,359 [INFO] >>> Running 'extract' function. Logged at 2022-12-16 17:22:59.359449+00:00
2022-12-16 17:22:59,366 [INFO] >>> Running 'read_csvs' function. Logged at 2022-12-16 17:22:59.365954+00:00
2022-12-16 17:22:59,448 [INFO] >>> Function: 'read_csvs' executed. Logged at 2022-12-16 17:22:59.365954+00:00
2022-12-16 17:22:59,457 [INFO] >>> Running 'enforce_schemas' function. Logged at 2022-12-16 17:22:59.457536+00:00
2022-12-16 17:22:59,461 [INFO] >>> Running 'coerce_datetimes' function. Logged at 2022-12-16 17:22:59.461069+00:00
2022-12-16 17:22:59,499 [INFO] >>> Function: 'coerce_datetimes' executed. Logged at 2022-12-16 17:22:59.461069+00:00
2022-12-16 17:22:59,507 [INFO] >>> Function: 'enforce_schemas' executed. Logged at 2022-12-16 17:22:59.457536+00:00
2022-12-16 17:22:59,516 [INFO] >>> Function: 'extract' executed. Logged at 2022-12-16 17:22:59.359449+00:00
2022-12-16 17:22:59,523 [INFO] >>> Running 'transform' function. Logged at 2022-12-16 17:22:59.523891+00:00
2022-12-16 17:22:59,528 [INFO] >>> Running '_transform' function. Logged at 2022-12-16 17:22:59.528615+00:00
2022-12-16 17:23:01,223 [INFO] >>> Function: '_transform' executed. Logged at 2022-12-16 17:22:59.528615+00:00
2022-12-16 17:23:01,255 [INFO] >>> Function: 'transform' executed. Logged at 2022-12-16 17:22:59.523891+00:00
2022-12-16 17:23:01,267 [INFO] >>> Running 'load' function. Logged at 2022-12-16 17:23:01.267418+00:00
2022-12-16 17:26:27,476 [INFO] >>> Running 'extract' function. Logged at 2022-12-16 17:26:27.476338+00:00
2022-12-16 17:26:27,477 [INFO] >>> Running 'read_csvs' function. Logged at 2022-12-16 17:26:27.477632+00:00
2022-12-16 17:26:27,492 [INFO] >>> Function: 'read_csvs' executed. Logged at 2022-12-16 17:26:27.477632+00:00
2022-12-16 17:26:27,493 [INFO] >>> Running 'enforce_schemas' function. Logged at 2022-12-16 17:26:27.493517+00:00
2022-12-16 17:26:27,494 [INFO] >>> Running 'coerce_datetimes' function. Logged at 2022-12-16 17:26:27.494673+00:00
2022-12-16 17:26:27,503 [INFO] >>> Function: 'coerce_datetimes' executed. Logged at 2022-12-16 17:26:27.494673+00:00
2022-12-16 17:26:27,503 [INFO] >>> Function: 'enforce_schemas' executed. Logged at 2022-12-16 17:26:27.493517+00:00
2022-12-16 17:26:27,504 [INFO] >>> Function: 'extract' executed. Logged at 2022-12-16 17:26:27.476338+00:00
2022-12-16 17:26:27,505 [INFO] >>> Running 'transform' function. Logged at 2022-12-16 17:26:27.505437+00:00
2022-12-16 17:26:27,506 [INFO] >>> Running '_transform' function. Logged at 2022-12-16 17:26:27.506254+00:00
2022-12-16 17:26:27,516 [INFO] >>> Function: '_transform' executed. Logged at 2022-12-16 17:26:27.506254+00:00
2022-12-16 17:26:27,517 [INFO] >>> Function: 'transform' executed. Logged at 2022-12-16 17:26:27.505437+00:00
2022-12-16 17:26:27,518 [INFO] >>> Running 'load' function. Logged at 2022-12-16 17:26:27.518852+00:00
2022-12-16 17:26:27,711 [INFO] >>> Function: 'load' executed. Logged at 2022-12-16 17:26:27.518852+00:00
2022-12-16 17:39:04,761 [INFO] >>> Running 'extract' function. Logged at 2022-12-16 17:39:04.761913+00:00
2022-12-16 17:39:04,763 [INFO] >>> Running 'read_csvs' function. Logged at 2022-12-16 17:39:04.763661+00:00
2022-12-16 17:39:04,783 [INFO] >>> Function: 'read_csvs' executed. Logged at 2022-12-16 17:39:04.763661+00:00
2022-12-16 17:39:04,785 [INFO] >>> Running 'enforce_schemas' function. Logged at 2022-12-16 17:39:04.785127+00:00
2022-12-16 17:39:04,786 [INFO] >>> Running 'coerce_datetimes' function. Logged at 2022-12-16 17:39:04.786291+00:00
2022-12-16 17:39:04,794 [INFO] >>> Function: 'coerce_datetimes' executed. Logged at 2022-12-16 17:39:04.786291+00:00
2022-12-16 17:39:04,795 [INFO] >>> Function: 'enforce_schemas' executed. Logged at 2022-12-16 17:39:04.785127+00:00
2022-12-16 17:39:04,798 [INFO] >>> Function: 'extract' executed. Logged at 2022-12-16 17:39:04.761913+00:00
2022-12-16 17:39:04,800 [INFO] >>> Running 'transform' function. Logged at 2022-12-16 17:39:04.800102+00:00
2022-12-16 17:39:04,801 [INFO] >>> Running '_transform' function. Logged at 2022-12-16 17:39:04.801543+00:00
2022-12-16 17:39:04,828 [INFO] >>> Function: '_transform' executed. Logged at 2022-12-16 17:39:04.801543+00:00
2022-12-16 17:39:04,831 [INFO] >>> Function: 'transform' executed. Logged at 2022-12-16 17:39:04.800102+00:00
2022-12-16 17:39:04,832 [INFO] >>> Running 'load' function. Logged at 2022-12-16 17:39:04.832186+00:00
2022-12-16 17:39:05,126 [INFO] >>> Function: 'load' executed. Logged at 2022-12-16 17:39:04.832186+00:00
2022-12-16 18:00:19,572 [INFO] >>> Running 'extract' function. Logged at 2022-12-16 18:00:19.572405+00:00
2022-12-16 18:00:19,574 [INFO] >>> Running 'read_csvs' function. Logged at 2022-12-16 18:00:19.573992+00:00
2022-12-16 18:00:19,606 [INFO] >>> Function: 'read_csvs' executed. Logged at 2022-12-16 18:00:19.573992+00:00
2022-12-16 18:00:19,608 [INFO] >>> Running 'enforce_schemas' function. Logged at 2022-12-16 18:00:19.607981+00:00
2022-12-16 18:00:19,610 [INFO] >>> Running 'coerce_datetimes' function. Logged at 2022-12-16 18:00:19.610651+00:00
2022-12-16 18:00:19,623 [INFO] >>> Function: 'coerce_datetimes' executed. Logged at 2022-12-16 18:00:19.610651+00:00
2022-12-16 18:00:19,624 [INFO] >>> Function: 'enforce_schemas' executed. Logged at 2022-12-16 18:00:19.607981+00:00
2022-12-16 18:00:19,626 [INFO] >>> Function: 'extract' executed. Logged at 2022-12-16 18:00:19.572405+00:00
2022-12-16 18:00:19,627 [INFO] >>> Running 'transform' function. Logged at 2022-12-16 18:00:19.627476+00:00
2022-12-16 18:00:19,628 [INFO] >>> Running '_transform' function. Logged at 2022-12-16 18:00:19.628729+00:00
2022-12-16 18:00:19,643 [INFO] >>> Function: '_transform' executed. Logged at 2022-12-16 18:00:19.628729+00:00
2022-12-16 18:00:19,644 [INFO] >>> Function: 'transform' executed. Logged at 2022-12-16 18:00:19.627476+00:00
2022-12-16 18:00:19,646 [INFO] >>> Running 'load' function. Logged at 2022-12-16 18:00:19.646659+00:00
2022-12-16 18:00:19,822 [INFO] >>> Function: 'load' executed. Logged at 2022-12-16 18:00:19.646659+00:00
2022-12-16 18:01:15,220 [INFO] >>> Running 'extract' function. Logged at 2022-12-16 18:01:15.220052+00:00
2022-12-16 18:01:15,221 [INFO] >>> Running 'read_csvs' function. Logged at 2022-12-16 18:01:15.221171+00:00
2022-12-16 18:01:15,247 [INFO] >>> Function: 'read_csvs' executed. Logged at 2022-12-16 18:01:15.221171+00:00
2022-12-16 18:01:15,248 [INFO] >>> Running 'enforce_schemas' function. Logged at 2022-12-16 18:01:15.248726+00:00
2022-12-16 18:01:15,250 [INFO] >>> Running 'coerce_datetimes' function. Logged at 2022-12-16 18:01:15.249974+00:00
2022-12-16 18:01:15,264 [INFO] >>> Function: 'coerce_datetimes' executed. Logged at 2022-12-16 18:01:15.249974+00:00
2022-12-16 18:01:15,266 [INFO] >>> Function: 'enforce_schemas' executed. Logged at 2022-12-16 18:01:15.248726+00:00
2022-12-16 18:01:15,269 [INFO] >>> Function: 'extract' executed. Logged at 2022-12-16 18:01:15.220052+00:00
2022-12-16 18:01:15,274 [INFO] >>> Running 'transform' function. Logged at 2022-12-16 18:01:15.274535+00:00
2022-12-16 18:01:15,276 [INFO] >>> Running '_transform' function. Logged at 2022-12-16 18:01:15.276337+00:00
2022-12-16 18:01:15,299 [INFO] >>> Function: '_transform' executed. Logged at 2022-12-16 18:01:15.276337+00:00
2022-12-16 18:01:15,301 [INFO] >>> Function: 'transform' executed. Logged at 2022-12-16 18:01:15.274535+00:00
2022-12-16 18:01:15,302 [INFO] >>> Running 'load' function. Logged at 2022-12-16 18:01:15.302587+00:00
2022-12-16 18:01:15,655 [INFO] >>> Function: 'load' executed. Logged at 2022-12-16 18:01:15.302587+00:00
2022-12-16 18:02:20,194 [INFO] >>> Running 'extract' function. Logged at 2022-12-16 18:02:20.194744+00:00
2022-12-16 18:02:20,196 [INFO] >>> Running 'read_csvs' function. Logged at 2022-12-16 18:02:20.196372+00:00
2022-12-16 18:02:20,204 [INFO] >>> Function: 'read_csvs' executed. Logged at 2022-12-16 18:02:20.196372+00:00
2022-12-16 18:02:20,205 [INFO] >>> Running 'enforce_schemas' function. Logged at 2022-12-16 18:02:20.205782+00:00
2022-12-16 18:02:20,206 [INFO] >>> Running 'coerce_datetimes' function. Logged at 2022-12-16 18:02:20.206580+00:00
2022-12-16 18:02:20,211 [INFO] >>> Function: 'coerce_datetimes' executed. Logged at 2022-12-16 18:02:20.206580+00:00
2022-12-16 18:02:20,212 [INFO] >>> Function: 'enforce_schemas' executed. Logged at 2022-12-16 18:02:20.205782+00:00
2022-12-16 18:02:20,213 [INFO] >>> Function: 'extract' executed. Logged at 2022-12-16 18:02:20.194744+00:00
2022-12-16 18:02:20,214 [INFO] >>> Running 'transform' function. Logged at 2022-12-16 18:02:20.214321+00:00
2022-12-16 18:02:20,215 [INFO] >>> Running '_transform' function. Logged at 2022-12-16 18:02:20.215100+00:00
2022-12-16 18:02:20,221 [INFO] >>> Function: '_transform' executed. Logged at 2022-12-16 18:02:20.215100+00:00
2022-12-16 18:02:20,223 [INFO] >>> Function: 'transform' executed. Logged at 2022-12-16 18:02:20.214321+00:00
2022-12-16 18:02:20,223 [INFO] >>> Running 'load' function. Logged at 2022-12-16 18:02:20.223903+00:00
2022-12-16 18:02:20,305 [INFO] >>> Function: 'load' executed. Logged at 2022-12-16 18:02:20.223903+00:00
2022-12-16 18:04:58,780 [INFO] >>> Running 'extract' function. Logged at 2022-12-16 18:04:58.780687+00:00
2022-12-16 18:04:58,782 [INFO] >>> Running 'read_csvs' function. Logged at 2022-12-16 18:04:58.781980+00:00
2022-12-16 18:04:58,796 [INFO] >>> Function: 'read_csvs' executed. Logged at 2022-12-16 18:04:58.781980+00:00
2022-12-16 18:04:58,797 [INFO] >>> Running 'enforce_schemas' function. Logged at 2022-12-16 18:04:58.797765+00:00
2022-12-16 18:04:58,799 [INFO] >>> Running 'coerce_datetimes' function. Logged at 2022-12-16 18:04:58.799130+00:00
2022-12-16 18:04:58,806 [INFO] >>> Function: 'coerce_datetimes' executed. Logged at 2022-12-16 18:04:58.799130+00:00
2022-12-16 18:04:58,807 [INFO] >>> Function: 'enforce_schemas' executed. Logged at 2022-12-16 18:04:58.797765+00:00
2022-12-16 18:04:58,808 [INFO] >>> Function: 'extract' executed. Logged at 2022-12-16 18:04:58.780687+00:00
2022-12-16 18:04:58,809 [INFO] >>> Running 'transform' function. Logged at 2022-12-16 18:04:58.809728+00:00
2022-12-16 18:04:58,811 [INFO] >>> Running '_transform' function. Logged at 2022-12-16 18:04:58.810962+00:00
2022-12-16 18:04:58,827 [INFO] >>> Function: '_transform' executed. Logged at 2022-12-16 18:04:58.810962+00:00
2022-12-16 18:04:58,828 [INFO] >>> Function: 'transform' executed. Logged at 2022-12-16 18:04:58.809728+00:00
2022-12-16 18:04:58,829 [INFO] >>> Running 'load' function. Logged at 2022-12-16 18:04:58.829895+00:00
2022-12-16 18:04:59,033 [INFO] >>> Function: 'load' executed. Logged at 2022-12-16 18:04:58.829895+00:00
2022-12-16 18:06:52,447 [INFO] >>> Running 'extract' function. Logged at 2022-12-16 18:06:52.447037+00:00
2022-12-16 18:06:52,448 [INFO] >>> Running 'read_csvs' function. Logged at 2022-12-16 18:06:52.448432+00:00
2022-12-16 18:06:52,458 [INFO] >>> Function: 'read_csvs' executed. Logged at 2022-12-16 18:06:52.448432+00:00
2022-12-16 18:06:52,461 [INFO] >>> Running 'enforce_schemas' function. Logged at 2022-12-16 18:06:52.460892+00:00
2022-12-16 18:06:52,462 [INFO] >>> Running 'coerce_datetimes' function. Logged at 2022-12-16 18:06:52.462052+00:00
2022-12-16 18:06:52,469 [INFO] >>> Function: 'coerce_datetimes' executed. Logged at 2022-12-16 18:06:52.462052+00:00
2022-12-16 18:06:52,469 [INFO] >>> Function: 'enforce_schemas' executed. Logged at 2022-12-16 18:06:52.460892+00:00
2022-12-16 18:06:52,471 [INFO] >>> Function: 'extract' executed. Logged at 2022-12-16 18:06:52.447037+00:00
2022-12-16 18:06:52,471 [INFO] >>> Running 'transform' function. Logged at 2022-12-16 18:06:52.471784+00:00
2022-12-16 18:06:52,472 [INFO] >>> Running '_transform' function. Logged at 2022-12-16 18:06:52.472494+00:00
2022-12-16 18:06:52,482 [INFO] >>> Function: '_transform' executed. Logged at 2022-12-16 18:06:52.472494+00:00
2022-12-16 18:06:52,482 [INFO] >>> Function: 'transform' executed. Logged at 2022-12-16 18:06:52.471784+00:00
2022-12-16 18:06:52,483 [INFO] >>> Running 'load' function. Logged at 2022-12-16 18:06:52.483631+00:00
2022-12-16 18:06:52,631 [INFO] >>> Function: 'load' executed. Logged at 2022-12-16 18:06:52.483631+00:00
2022-12-16 18:07:38,063 [INFO] >>> Running 'extract' function. Logged at 2022-12-16 18:07:38.063800+00:00
2022-12-16 18:07:38,065 [INFO] >>> Running 'read_csvs' function. Logged at 2022-12-16 18:07:38.065649+00:00
2022-12-16 18:07:38,072 [INFO] >>> Function: 'read_csvs' executed. Logged at 2022-12-16 18:07:38.065649+00:00
2022-12-16 18:07:38,073 [INFO] >>> Running 'enforce_schemas' function. Logged at 2022-12-16 18:07:38.073069+00:00
2022-12-16 18:07:38,073 [INFO] >>> Running 'coerce_datetimes' function. Logged at 2022-12-16 18:07:38.073877+00:00
2022-12-16 18:07:38,079 [INFO] >>> Function: 'coerce_datetimes' executed. Logged at 2022-12-16 18:07:38.073877+00:00
2022-12-16 18:07:38,080 [INFO] >>> Function: 'enforce_schemas' executed. Logged at 2022-12-16 18:07:38.073069+00:00
2022-12-16 18:07:38,080 [INFO] >>> Function: 'extract' executed. Logged at 2022-12-16 18:07:38.063800+00:00
2022-12-16 18:07:38,081 [INFO] >>> Running 'transform' function. Logged at 2022-12-16 18:07:38.081839+00:00
2022-12-16 18:07:38,082 [INFO] >>> Running '_transform' function. Logged at 2022-12-16 18:07:38.082670+00:00
2022-12-16 18:07:38,090 [INFO] >>> Function: '_transform' executed. Logged at 2022-12-16 18:07:38.082670+00:00
2022-12-16 18:07:38,091 [INFO] >>> Function: 'transform' executed. Logged at 2022-12-16 18:07:38.081839+00:00
2022-12-16 18:07:38,092 [INFO] >>> Running 'load' function. Logged at 2022-12-16 18:07:38.092204+00:00
2022-12-16 18:07:38,197 [INFO] >>> Function: 'load' executed. Logged at 2022-12-16 18:07:38.092204+00:00
